<?xml version="1.0" encoding="UTF-8"?>
<testsuite xmlns:xsi="http://www.w3.org/2001/XMLSchema-instance" xsi:noNamespaceSchemaLocation="https://maven.apache.org/surefire/maven-surefire-plugin/xsd/surefire-test-report-3.0.xsd" version="3.0" name="MainTest" time="0.288" tests="6" errors="0" skipped="0" failures="0">
  <properties>
    <property name="java.specification.version" value="23"/>
    <property name="sun.jnu.encoding" value="UTF-8"/>
    <property name="java.class.path" value="/Users/day/IdeaProjects/Calculator/target/test-classes:/Users/day/IdeaProjects/Calculator/target/classes:/Users/day/.m2/repository/org/apache/logging/log4j/log4j-api/2.20.0/log4j-api-2.20.0.jar:/Users/day/.m2/repository/org/apache/logging/log4j/log4j-core/2.20.0/log4j-core-2.20.0.jar:/Users/day/.m2/repository/org/junit/jupiter/junit-jupiter-api/5.9.3/junit-jupiter-api-5.9.3.jar:/Users/day/.m2/repository/org/opentest4j/opentest4j/1.2.0/opentest4j-1.2.0.jar:/Users/day/.m2/repository/org/junit/platform/junit-platform-commons/1.9.3/junit-platform-commons-1.9.3.jar:/Users/day/.m2/repository/org/apiguardian/apiguardian-api/1.1.2/apiguardian-api-1.1.2.jar:/Users/day/.m2/repository/org/junit/jupiter/junit-jupiter-engine/5.9.3/junit-jupiter-engine-5.9.3.jar:/Users/day/.m2/repository/org/junit/platform/junit-platform-engine/1.9.3/junit-platform-engine-1.9.3.jar:"/>
    <property name="java.vm.vendor" value="Homebrew"/>
    <property name="sun.arch.data.model" value="64"/>
    <property name="java.vendor.url" value="https://github.com/Homebrew/homebrew-core/issues"/>
    <property name="user.timezone" value="Asia/Kolkata"/>
    <property name="os.name" value="Mac OS X"/>
    <property name="java.vm.specification.version" value="23"/>
    <property name="sun.java.launcher" value="SUN_STANDARD"/>
    <property name="user.country" value="GB"/>
    <property name="sun.boot.library.path" value="/opt/homebrew/Cellar/openjdk/23/libexec/openjdk.jdk/Contents/Home/lib"/>
    <property name="sun.java.command" value="/Users/day/IdeaProjects/Calculator/target/surefire/surefirebooter14190691077939722312.jar /Users/day/IdeaProjects/Calculator/target/surefire 2024-09-27T14-38-36_702-jvmRun1 surefire18430012762586566466tmp surefire_016479110750235062972tmp"/>
    <property name="http.nonProxyHosts" value="local|*.local|169.254/16|*.169.254/16"/>
    <property name="jdk.debug" value="release"/>
    <property name="surefire.test.class.path" value="/Users/day/IdeaProjects/Calculator/target/test-classes:/Users/day/IdeaProjects/Calculator/target/classes:/Users/day/.m2/repository/org/apache/logging/log4j/log4j-api/2.20.0/log4j-api-2.20.0.jar:/Users/day/.m2/repository/org/apache/logging/log4j/log4j-core/2.20.0/log4j-core-2.20.0.jar:/Users/day/.m2/repository/org/junit/jupiter/junit-jupiter-api/5.9.3/junit-jupiter-api-5.9.3.jar:/Users/day/.m2/repository/org/opentest4j/opentest4j/1.2.0/opentest4j-1.2.0.jar:/Users/day/.m2/repository/org/junit/platform/junit-platform-commons/1.9.3/junit-platform-commons-1.9.3.jar:/Users/day/.m2/repository/org/apiguardian/apiguardian-api/1.1.2/apiguardian-api-1.1.2.jar:/Users/day/.m2/repository/org/junit/jupiter/junit-jupiter-engine/5.9.3/junit-jupiter-engine-5.9.3.jar:/Users/day/.m2/repository/org/junit/platform/junit-platform-engine/1.9.3/junit-platform-engine-1.9.3.jar:"/>
    <property name="sun.cpu.endian" value="little"/>
    <property name="user.home" value="/Users/day"/>
    <property name="user.language" value="en"/>
    <property name="java.specification.vendor" value="Oracle Corporation"/>
    <property name="java.version.date" value="2024-09-17"/>
    <property name="java.home" value="/opt/homebrew/Cellar/openjdk/23/libexec/openjdk.jdk/Contents/Home"/>
    <property name="file.separator" value="/"/>
    <property name="basedir" value="/Users/day/IdeaProjects/Calculator"/>
    <property name="java.vm.compressedOopsMode" value="Zero based"/>
    <property name="line.separator" value="&#10;"/>
    <property name="java.vm.specification.vendor" value="Oracle Corporation"/>
    <property name="java.specification.name" value="Java Platform API Specification"/>
    <property name="apple.awt.application.name" value="ForkedBooter"/>
    <property name="surefire.real.class.path" value="/Users/day/IdeaProjects/Calculator/target/surefire/surefirebooter14190691077939722312.jar"/>
    <property name="sun.management.compiler" value="HotSpot 64-Bit Tiered Compilers"/>
    <property name="ftp.nonProxyHosts" value="local|*.local|169.254/16|*.169.254/16"/>
    <property name="java.runtime.version" value="23"/>
    <property name="user.name" value="day"/>
    <property name="stdout.encoding" value="UTF-8"/>
    <property name="path.separator" value=":"/>
    <property name="os.version" value="14.5"/>
    <property name="java.runtime.name" value="OpenJDK Runtime Environment"/>
    <property name="file.encoding" value="UTF-8"/>
    <property name="java.vm.name" value="OpenJDK 64-Bit Server VM"/>
    <property name="java.vendor.version" value="Homebrew"/>
    <property name="localRepository" value="/Users/day/.m2/repository"/>
    <property name="java.vendor.url.bug" value="https://github.com/Homebrew/homebrew-core/issues"/>
    <property name="java.io.tmpdir" value="/var/folders/hq/t0pmt1fs6svf9blbb8hwsgbm0000gn/T/"/>
    <property name="java.version" value="23"/>
    <property name="user.dir" value="/Users/day/IdeaProjects/Calculator"/>
    <property name="os.arch" value="aarch64"/>
    <property name="java.vm.specification.name" value="Java Virtual Machine Specification"/>
    <property name="native.encoding" value="UTF-8"/>
    <property name="java.library.path" value="/Users/day/Library/Java/Extensions:/Library/Java/Extensions:/Network/Library/Java/Extensions:/System/Library/Java/Extensions:/usr/lib/java:."/>
    <property name="java.vm.info" value="mixed mode, sharing"/>
    <property name="stderr.encoding" value="UTF-8"/>
    <property name="java.vendor" value="Homebrew"/>
    <property name="java.vm.version" value="23"/>
    <property name="sun.io.unicode.encoding" value="UnicodeBig"/>
    <property name="socksNonProxyHosts" value="local|*.local|169.254/16|*.169.254/16"/>
    <property name="java.class.version" value="67.0"/>
  </properties>
  <testcase name="testPower_ValidInput" classname="MainTest" time="0.273">
    <system-out><![CDATA[14:38:37.405 [main] INFO  org.example.Main - Operation: Power - Start
14:38:37.408 [main] INFO  org.example.Main - Operation: Power, Base: 2.0, Exponent: 3.0, Result: 8.0
14:38:37.408 [main] INFO  org.example.Main - Operation: Power - End
]]></system-out>
  </testcase>
  <testcase name="testSquareRoot_ValidInput" classname="MainTest" time="0.001">
    <system-out><![CDATA[14:38:37.412 [main] INFO  org.example.Main - Operation: Square root - Start
14:38:37.413 [main] INFO  org.example.Main - Operation: Square root, Input: 16.0, Result: 4.0
14:38:37.413 [main] INFO  org.example.Main - Operation: Square root - End
]]></system-out>
  </testcase>
  <testcase name="testPower_ZeroExponent" classname="MainTest" time="0.001">
    <system-out><![CDATA[14:38:37.413 [main] INFO  org.example.Main - Operation: Power - Start
14:38:37.413 [main] INFO  org.example.Main - Operation: Power, Base: 5.0, Exponent: 0.0, Result: 1.0
14:38:37.414 [main] INFO  org.example.Main - Operation: Power - End
]]></system-out>
  </testcase>
  <testcase name="testNaturalLogarithm_ValidInput" classname="MainTest" time="0.001">
    <system-out><![CDATA[14:38:37.414 [main] INFO  org.example.Main - Operation: Natural logarithm - Start
14:38:37.415 [main] INFO  org.example.Main - Operation: Natural logarithm, Input: 2.71828, Result: 0.999999327347282
14:38:37.415 [main] INFO  org.example.Main - Operation: Natural logarithm - End
]]></system-out>
  </testcase>
  <testcase name="testFactorial_ValidInput" classname="MainTest" time="0.002">
    <system-out><![CDATA[14:38:37.415 [main] INFO  org.example.Main - Operation: Factorial - Start
14:38:37.417 [main] INFO  org.example.Main - Operation: Factorial, Input: 5, Result: 120
14:38:37.417 [main] INFO  org.example.Main - Operation: Factorial - End
]]></system-out>
  </testcase>
  <testcase name="testZeroFactorial_ValidInput" classname="MainTest" time="0">
    <system-out><![CDATA[14:38:37.418 [main] INFO  org.example.Main - Operation: Factorial - Start
14:38:37.418 [main] INFO  org.example.Main - Operation: Factorial, Input: 0, Result: 1
14:38:37.418 [main] INFO  org.example.Main - Operation: Factorial - End
]]></system-out>
  </testcase>
</testsuite>